2020-07-26 23:00:54,068 WARN  [SoapUI] Missing folder [C:\Users\GunasekharKeserla\Desktop\Manipal ProLearn\API Testing\API Project Assessment\WebServiceProject\ext] for external libraries
2020-07-26 23:00:54,331 INFO  [DefaultSoapUICore] initialized soapui-settings from [C:\Users\GunasekharKeserla\soapui-settings.xml]
2020-07-26 23:00:56,537 INFO  [PluginManager] Adding plugin from [C:\Users\GunasekharKeserla\.soapuios\plugins\ready-mqtt-plugin-dist.jar]
2020-07-26 23:00:56,538 INFO  [PluginManager] Adding plugin from [C:\Users\GunasekharKeserla\.soapuios\plugins\soapui-swagger-plugin-2.2-dist.jar]
2020-07-26 23:00:57,682 ERROR [SoapUI] An error occurred [com.eviware.soapui.plugins.auto.factories.AutoDiscoveryMethodFactory], see error log for details
2020-07-26 23:00:57,685 ERROR [errorlog] java.lang.ClassNotFoundException: com.eviware.soapui.plugins.auto.factories.AutoDiscoveryMethodFactory
java.lang.ClassNotFoundException: com.eviware.soapui.plugins.auto.factories.AutoDiscoveryMethodFactory
	at org.codehaus.plexus.classworlds.strategy.SelfFirstStrategy.loadClass(SelfFirstStrategy.java:50)
	at org.codehaus.plexus.classworlds.realm.ClassRealm.unsynchronizedLoadClass(ClassRealm.java:271)
	at org.codehaus.plexus.classworlds.realm.ClassRealm.loadClass(ClassRealm.java:247)
	at org.codehaus.plexus.classworlds.realm.ClassRealm.loadClass(ClassRealm.java:239)
	at java.lang.Class.forName0(Native Method)
	at java.lang.Class.forName(Class.java:264)
	at com.eviware.soapui.plugins.LoaderBase.loadAutoFactories(LoaderBase.java:113)
	at com.eviware.soapui.plugins.LoaderBase.loadFactories(LoaderBase.java:80)
	at com.eviware.soapui.plugins.PluginLoader.loadPluginFactories(PluginLoader.java:141)
	at com.eviware.soapui.plugins.PluginLoader.loadPlugin(PluginLoader.java:104)
	at com.eviware.soapui.plugins.PluginLoader.loadPlugin(PluginLoader.java:54)
	at com.eviware.soapui.plugins.PluginManager.doInstallPlugin(PluginManager.java:141)
	at com.eviware.soapui.plugins.PluginManager.access$600(PluginManager.java:43)
	at com.eviware.soapui.plugins.PluginManager$LoadPluginsTask.computeSequentially(PluginManager.java:420)
	at com.eviware.soapui.plugins.PluginManager$LoadPluginsTask.compute(PluginManager.java:377)
	at com.eviware.soapui.plugins.PluginManager$LoadPluginsTask.compute(PluginManager.java:382)
	at com.eviware.soapui.plugins.PluginManager$LoadPluginsTask.compute(PluginManager.java:365)
	at java.util.concurrent.RecursiveTask.exec(RecursiveTask.java:94)
	at java.util.concurrent.ForkJoinTask.doExec(ForkJoinTask.java:289)
	at java.util.concurrent.ForkJoinPool$WorkQueue.runTask(ForkJoinPool.java:1056)
	at java.util.concurrent.ForkJoinPool.runWorker(ForkJoinPool.java:1692)
	at java.util.concurrent.ForkJoinWorkerThread.run(ForkJoinWorkerThread.java:157)
2020-07-26 23:00:57,872 ERROR [SoapUI] An error occurred [com.eviware.soapui.plugins.auto.factories.AutoDiscoveryMethodFactory], see error log for details
2020-07-26 23:00:57,874 ERROR [SoapUI] An error occurred [com.eviware.soapui.plugins.auto.factories.AutoImportMethodFactory], see error log for details
2020-07-26 23:00:57,878 ERROR [errorlog] java.lang.ClassNotFoundException: com.eviware.soapui.plugins.auto.factories.AutoDiscoveryMethodFactory
java.lang.ClassNotFoundException: com.eviware.soapui.plugins.auto.factories.AutoDiscoveryMethodFactory
	at org.codehaus.plexus.classworlds.strategy.SelfFirstStrategy.loadClass(SelfFirstStrategy.java:50)
	at org.codehaus.plexus.classworlds.realm.ClassRealm.unsynchronizedLoadClass(ClassRealm.java:271)
	at org.codehaus.plexus.classworlds.realm.ClassRealm.loadClass(ClassRealm.java:247)
	at org.codehaus.plexus.classworlds.realm.ClassRealm.loadClass(ClassRealm.java:239)
	at java.lang.Class.forName0(Native Method)
	at java.lang.Class.forName(Class.java:264)
	at com.eviware.soapui.plugins.LoaderBase.loadAutoFactories(LoaderBase.java:113)
	at com.eviware.soapui.plugins.LoaderBase.loadFactories(LoaderBase.java:80)
	at com.eviware.soapui.plugins.PluginLoader.loadPluginFactories(PluginLoader.java:141)
	at com.eviware.soapui.plugins.PluginLoader.loadPlugin(PluginLoader.java:104)
	at com.eviware.soapui.plugins.PluginLoader.loadPlugin(PluginLoader.java:54)
	at com.eviware.soapui.plugins.PluginManager.doInstallPlugin(PluginManager.java:141)
	at com.eviware.soapui.plugins.PluginManager.access$600(PluginManager.java:43)
	at com.eviware.soapui.plugins.PluginManager$LoadPluginsTask.computeSequentially(PluginManager.java:420)
	at com.eviware.soapui.plugins.PluginManager$LoadPluginsTask.compute(PluginManager.java:377)
	at com.eviware.soapui.plugins.PluginManager$LoadPluginsTask.compute(PluginManager.java:365)
	at java.util.concurrent.RecursiveTask.exec(RecursiveTask.java:94)
	at java.util.concurrent.ForkJoinTask.doExec(ForkJoinTask.java:289)
	at java.util.concurrent.ForkJoinPool$WorkQueue.runTask(ForkJoinPool.java:1056)
	at java.util.concurrent.ForkJoinPool.runWorker(ForkJoinPool.java:1692)
	at java.util.concurrent.ForkJoinWorkerThread.run(ForkJoinWorkerThread.java:157)
2020-07-26 23:00:57,879 ERROR [errorlog] java.lang.ClassNotFoundException: com.eviware.soapui.plugins.auto.factories.AutoImportMethodFactory
java.lang.ClassNotFoundException: com.eviware.soapui.plugins.auto.factories.AutoImportMethodFactory
	at org.codehaus.plexus.classworlds.strategy.SelfFirstStrategy.loadClass(SelfFirstStrategy.java:50)
	at org.codehaus.plexus.classworlds.realm.ClassRealm.unsynchronizedLoadClass(ClassRealm.java:271)
	at org.codehaus.plexus.classworlds.realm.ClassRealm.loadClass(ClassRealm.java:247)
	at org.codehaus.plexus.classworlds.realm.ClassRealm.loadClass(ClassRealm.java:239)
	at java.lang.Class.forName0(Native Method)
	at java.lang.Class.forName(Class.java:264)
	at com.eviware.soapui.plugins.LoaderBase.loadAutoFactories(LoaderBase.java:113)
	at com.eviware.soapui.plugins.LoaderBase.loadFactories(LoaderBase.java:80)
	at com.eviware.soapui.plugins.PluginLoader.loadPluginFactories(PluginLoader.java:141)
	at com.eviware.soapui.plugins.PluginLoader.loadPlugin(PluginLoader.java:104)
	at com.eviware.soapui.plugins.PluginLoader.loadPlugin(PluginLoader.java:54)
	at com.eviware.soapui.plugins.PluginManager.doInstallPlugin(PluginManager.java:141)
	at com.eviware.soapui.plugins.PluginManager.access$600(PluginManager.java:43)
	at com.eviware.soapui.plugins.PluginManager$LoadPluginsTask.computeSequentially(PluginManager.java:420)
	at com.eviware.soapui.plugins.PluginManager$LoadPluginsTask.compute(PluginManager.java:377)
	at com.eviware.soapui.plugins.PluginManager$LoadPluginsTask.compute(PluginManager.java:382)
	at com.eviware.soapui.plugins.PluginManager$LoadPluginsTask.compute(PluginManager.java:365)
	at java.util.concurrent.RecursiveTask.exec(RecursiveTask.java:94)
	at java.util.concurrent.ForkJoinTask.doExec(ForkJoinTask.java:289)
	at java.util.concurrent.ForkJoinPool$WorkQueue.runTask(ForkJoinPool.java:1056)
	at java.util.concurrent.ForkJoinPool.runWorker(ForkJoinPool.java:1692)
	at java.util.concurrent.ForkJoinWorkerThread.run(ForkJoinWorkerThread.java:157)
2020-07-26 23:00:58,111 ERROR [SoapUI] An error occurred [com.eviware.soapui.plugins.auto.factories.AutoImportMethodFactory], see error log for details
2020-07-26 23:00:58,112 ERROR [errorlog] java.lang.ClassNotFoundException: com.eviware.soapui.plugins.auto.factories.AutoImportMethodFactory
java.lang.ClassNotFoundException: com.eviware.soapui.plugins.auto.factories.AutoImportMethodFactory
	at org.codehaus.plexus.classworlds.strategy.SelfFirstStrategy.loadClass(SelfFirstStrategy.java:50)
	at org.codehaus.plexus.classworlds.realm.ClassRealm.unsynchronizedLoadClass(ClassRealm.java:271)
	at org.codehaus.plexus.classworlds.realm.ClassRealm.loadClass(ClassRealm.java:247)
	at org.codehaus.plexus.classworlds.realm.ClassRealm.loadClass(ClassRealm.java:239)
	at java.lang.Class.forName0(Native Method)
	at java.lang.Class.forName(Class.java:264)
	at com.eviware.soapui.plugins.LoaderBase.loadAutoFactories(LoaderBase.java:113)
	at com.eviware.soapui.plugins.LoaderBase.loadFactories(LoaderBase.java:80)
	at com.eviware.soapui.plugins.PluginLoader.loadPluginFactories(PluginLoader.java:141)
	at com.eviware.soapui.plugins.PluginLoader.loadPlugin(PluginLoader.java:104)
	at com.eviware.soapui.plugins.PluginLoader.loadPlugin(PluginLoader.java:54)
	at com.eviware.soapui.plugins.PluginManager.doInstallPlugin(PluginManager.java:141)
	at com.eviware.soapui.plugins.PluginManager.access$600(PluginManager.java:43)
	at com.eviware.soapui.plugins.PluginManager$LoadPluginsTask.computeSequentially(PluginManager.java:420)
	at com.eviware.soapui.plugins.PluginManager$LoadPluginsTask.compute(PluginManager.java:377)
	at com.eviware.soapui.plugins.PluginManager$LoadPluginsTask.compute(PluginManager.java:365)
	at java.util.concurrent.RecursiveTask.exec(RecursiveTask.java:94)
	at java.util.concurrent.ForkJoinTask.doExec(ForkJoinTask.java:289)
	at java.util.concurrent.ForkJoinPool$WorkQueue.runTask(ForkJoinPool.java:1056)
	at java.util.concurrent.ForkJoinPool.runWorker(ForkJoinPool.java:1692)
	at java.util.concurrent.ForkJoinWorkerThread.run(ForkJoinWorkerThread.java:157)
2020-07-26 23:00:58,317 INFO  [PluginManager] Adding plugin from [C:\Users\GunasekharKeserla\.soapuios\plugins\ready-uxm-plugin-1.0.1-dist.jar]
2020-07-26 23:00:58,501 INFO  [PluginManager] Adding plugin from [C:\Users\GunasekharKeserla\.soapuios\plugins\readyapi-postman-1.0.1.jar]
2020-07-26 23:00:59,124 ERROR [SoapUI] An error occurred [com.eviware.soapui.plugins.auto.factories.AutoDiscoveryMethodFactory], see error log for details
2020-07-26 23:00:59,124 ERROR [errorlog] java.lang.ClassNotFoundException: com.eviware.soapui.plugins.auto.factories.AutoDiscoveryMethodFactory
java.lang.ClassNotFoundException: com.eviware.soapui.plugins.auto.factories.AutoDiscoveryMethodFactory
	at org.codehaus.plexus.classworlds.strategy.SelfFirstStrategy.loadClass(SelfFirstStrategy.java:50)
	at org.codehaus.plexus.classworlds.realm.ClassRealm.unsynchronizedLoadClass(ClassRealm.java:271)
	at org.codehaus.plexus.classworlds.realm.ClassRealm.loadClass(ClassRealm.java:247)
	at org.codehaus.plexus.classworlds.realm.ClassRealm.loadClass(ClassRealm.java:239)
	at java.lang.Class.forName0(Native Method)
	at java.lang.Class.forName(Class.java:264)
	at com.eviware.soapui.plugins.LoaderBase.loadAutoFactories(LoaderBase.java:113)
	at com.eviware.soapui.plugins.LoaderBase.loadFactories(LoaderBase.java:80)
	at com.eviware.soapui.plugins.PluginLoader.loadPluginFactories(PluginLoader.java:141)
	at com.eviware.soapui.plugins.PluginLoader.loadPlugin(PluginLoader.java:104)
	at com.eviware.soapui.plugins.PluginLoader.loadPlugin(PluginLoader.java:54)
	at com.eviware.soapui.plugins.PluginManager.doInstallPlugin(PluginManager.java:141)
	at com.eviware.soapui.plugins.PluginManager.access$600(PluginManager.java:43)
	at com.eviware.soapui.plugins.PluginManager$LoadPluginsTask.computeSequentially(PluginManager.java:420)
	at com.eviware.soapui.plugins.PluginManager$LoadPluginsTask.compute(PluginManager.java:377)
	at com.eviware.soapui.plugins.PluginManager$LoadPluginsTask.compute(PluginManager.java:365)
	at java.util.concurrent.RecursiveTask.exec(RecursiveTask.java:94)
	at java.util.concurrent.ForkJoinTask.doExec(ForkJoinTask.java:289)
	at java.util.concurrent.ForkJoinPool$WorkQueue.runTask(ForkJoinPool.java:1056)
	at java.util.concurrent.ForkJoinPool.runWorker(ForkJoinPool.java:1692)
	at java.util.concurrent.ForkJoinWorkerThread.run(ForkJoinWorkerThread.java:157)
2020-07-26 23:00:59,186 ERROR [SoapUI] An error occurred [com.eviware.soapui.plugins.auto.factories.AutoDiscoveryMethodFactory], see error log for details
2020-07-26 23:00:59,193 ERROR [errorlog] java.lang.ClassNotFoundException: com.eviware.soapui.plugins.auto.factories.AutoDiscoveryMethodFactory
java.lang.ClassNotFoundException: com.eviware.soapui.plugins.auto.factories.AutoDiscoveryMethodFactory
	at org.codehaus.plexus.classworlds.strategy.SelfFirstStrategy.loadClass(SelfFirstStrategy.java:50)
	at org.codehaus.plexus.classworlds.realm.ClassRealm.unsynchronizedLoadClass(ClassRealm.java:271)
	at org.codehaus.plexus.classworlds.realm.ClassRealm.loadClass(ClassRealm.java:247)
	at org.codehaus.plexus.classworlds.realm.ClassRealm.loadClass(ClassRealm.java:239)
	at java.lang.Class.forName0(Native Method)
	at java.lang.Class.forName(Class.java:264)
	at com.eviware.soapui.plugins.LoaderBase.loadAutoFactories(LoaderBase.java:113)
	at com.eviware.soapui.plugins.LoaderBase.loadFactories(LoaderBase.java:80)
	at com.eviware.soapui.plugins.PluginLoader.loadPluginFactories(PluginLoader.java:141)
	at com.eviware.soapui.plugins.PluginLoader.loadPlugin(PluginLoader.java:104)
	at com.eviware.soapui.plugins.PluginLoader.loadPlugin(PluginLoader.java:54)
	at com.eviware.soapui.plugins.PluginManager.doInstallPlugin(PluginManager.java:141)
	at com.eviware.soapui.plugins.PluginManager.access$600(PluginManager.java:43)
	at com.eviware.soapui.plugins.PluginManager$LoadPluginsTask.computeSequentially(PluginManager.java:420)
	at com.eviware.soapui.plugins.PluginManager$LoadPluginsTask.compute(PluginManager.java:377)
	at com.eviware.soapui.plugins.PluginManager$LoadPluginsTask.compute(PluginManager.java:382)
	at com.eviware.soapui.plugins.PluginManager$LoadPluginsTask.compute(PluginManager.java:365)
	at java.util.concurrent.RecursiveTask.exec(RecursiveTask.java:94)
	at java.util.concurrent.ForkJoinTask.doExec(ForkJoinTask.java:289)
	at java.util.concurrent.ForkJoinPool$WorkQueue.runTask(ForkJoinPool.java:1056)
	at java.util.concurrent.ForkJoinPool.runWorker(ForkJoinPool.java:1692)
	at java.util.concurrent.ForkJoinWorkerThread.run(ForkJoinWorkerThread.java:157)
2020-07-26 23:00:59,277 ERROR [SoapUI] An error occurred [com.eviware.soapui.plugins.auto.factories.AutoImportMethodFactory], see error log for details
2020-07-26 23:00:59,287 ERROR [errorlog] java.lang.ClassNotFoundException: com.eviware.soapui.plugins.auto.factories.AutoImportMethodFactory
java.lang.ClassNotFoundException: com.eviware.soapui.plugins.auto.factories.AutoImportMethodFactory
	at org.codehaus.plexus.classworlds.strategy.SelfFirstStrategy.loadClass(SelfFirstStrategy.java:50)
	at org.codehaus.plexus.classworlds.realm.ClassRealm.unsynchronizedLoadClass(ClassRealm.java:271)
	at org.codehaus.plexus.classworlds.realm.ClassRealm.loadClass(ClassRealm.java:247)
	at org.codehaus.plexus.classworlds.realm.ClassRealm.loadClass(ClassRealm.java:239)
	at java.lang.Class.forName0(Native Method)
	at java.lang.Class.forName(Class.java:264)
	at com.eviware.soapui.plugins.LoaderBase.loadAutoFactories(LoaderBase.java:113)
	at com.eviware.soapui.plugins.LoaderBase.loadFactories(LoaderBase.java:80)
	at com.eviware.soapui.plugins.PluginLoader.loadPluginFactories(PluginLoader.java:141)
	at com.eviware.soapui.plugins.PluginLoader.loadPlugin(PluginLoader.java:104)
	at com.eviware.soapui.plugins.PluginLoader.loadPlugin(PluginLoader.java:54)
	at com.eviware.soapui.plugins.PluginManager.doInstallPlugin(PluginManager.java:141)
	at com.eviware.soapui.plugins.PluginManager.access$600(PluginManager.java:43)
	at com.eviware.soapui.plugins.PluginManager$LoadPluginsTask.computeSequentially(PluginManager.java:420)
	at com.eviware.soapui.plugins.PluginManager$LoadPluginsTask.compute(PluginManager.java:377)
	at com.eviware.soapui.plugins.PluginManager$LoadPluginsTask.compute(PluginManager.java:365)
	at java.util.concurrent.RecursiveTask.exec(RecursiveTask.java:94)
	at java.util.concurrent.ForkJoinTask.doExec(ForkJoinTask.java:289)
	at java.util.concurrent.ForkJoinPool$WorkQueue.runTask(ForkJoinPool.java:1056)
	at java.util.concurrent.ForkJoinPool.runWorker(ForkJoinPool.java:1692)
	at java.util.concurrent.ForkJoinWorkerThread.run(ForkJoinWorkerThread.java:157)
2020-07-26 23:00:59,513 ERROR [SoapUI] An error occurred [com.eviware.soapui.plugins.auto.factories.AutoImportMethodFactory], see error log for details
2020-07-26 23:00:59,513 ERROR [errorlog] java.lang.ClassNotFoundException: com.eviware.soapui.plugins.auto.factories.AutoImportMethodFactory
java.lang.ClassNotFoundException: com.eviware.soapui.plugins.auto.factories.AutoImportMethodFactory
	at org.codehaus.plexus.classworlds.strategy.SelfFirstStrategy.loadClass(SelfFirstStrategy.java:50)
	at org.codehaus.plexus.classworlds.realm.ClassRealm.unsynchronizedLoadClass(ClassRealm.java:271)
	at org.codehaus.plexus.classworlds.realm.ClassRealm.loadClass(ClassRealm.java:247)
	at org.codehaus.plexus.classworlds.realm.ClassRealm.loadClass(ClassRealm.java:239)
	at java.lang.Class.forName0(Native Method)
	at java.lang.Class.forName(Class.java:264)
	at com.eviware.soapui.plugins.LoaderBase.loadAutoFactories(LoaderBase.java:113)
	at com.eviware.soapui.plugins.LoaderBase.loadFactories(LoaderBase.java:80)
	at com.eviware.soapui.plugins.PluginLoader.loadPluginFactories(PluginLoader.java:141)
	at com.eviware.soapui.plugins.PluginLoader.loadPlugin(PluginLoader.java:104)
	at com.eviware.soapui.plugins.PluginLoader.loadPlugin(PluginLoader.java:54)
	at com.eviware.soapui.plugins.PluginManager.doInstallPlugin(PluginManager.java:141)
	at com.eviware.soapui.plugins.PluginManager.access$600(PluginManager.java:43)
	at com.eviware.soapui.plugins.PluginManager$LoadPluginsTask.computeSequentially(PluginManager.java:420)
	at com.eviware.soapui.plugins.PluginManager$LoadPluginsTask.compute(PluginManager.java:377)
	at com.eviware.soapui.plugins.PluginManager$LoadPluginsTask.compute(PluginManager.java:382)
	at com.eviware.soapui.plugins.PluginManager$LoadPluginsTask.compute(PluginManager.java:365)
	at java.util.concurrent.RecursiveTask.exec(RecursiveTask.java:94)
	at java.util.concurrent.ForkJoinTask.doExec(ForkJoinTask.java:289)
	at java.util.concurrent.ForkJoinPool$WorkQueue.runTask(ForkJoinPool.java:1056)
	at java.util.concurrent.ForkJoinPool.runWorker(ForkJoinPool.java:1692)
	at java.util.concurrent.ForkJoinWorkerThread.run(ForkJoinWorkerThread.java:157)
2020-07-26 23:00:59,991 INFO  [PluginManager] Adding plugin from [C:\Users\GunasekharKeserla\.soapuios\plugins\readyapi-swaggerhub-plugin-1.0.jar]
2020-07-26 23:01:00,368 ERROR [SoapUI] An error occurred [com.eviware.soapui.plugins.auto.factories.AutoDiscoveryMethodFactory], see error log for details
2020-07-26 23:01:00,369 ERROR [errorlog] java.lang.ClassNotFoundException: com.eviware.soapui.plugins.auto.factories.AutoDiscoveryMethodFactory
java.lang.ClassNotFoundException: com.eviware.soapui.plugins.auto.factories.AutoDiscoveryMethodFactory
	at org.codehaus.plexus.classworlds.strategy.SelfFirstStrategy.loadClass(SelfFirstStrategy.java:50)
	at org.codehaus.plexus.classworlds.realm.ClassRealm.unsynchronizedLoadClass(ClassRealm.java:271)
	at org.codehaus.plexus.classworlds.realm.ClassRealm.loadClass(ClassRealm.java:247)
	at org.codehaus.plexus.classworlds.realm.ClassRealm.loadClass(ClassRealm.java:239)
	at java.lang.Class.forName0(Native Method)
	at java.lang.Class.forName(Class.java:264)
	at com.eviware.soapui.plugins.LoaderBase.loadAutoFactories(LoaderBase.java:113)
	at com.eviware.soapui.plugins.LoaderBase.loadFactories(LoaderBase.java:80)
	at com.eviware.soapui.plugins.PluginLoader.loadPluginFactories(PluginLoader.java:141)
	at com.eviware.soapui.plugins.PluginLoader.loadPlugin(PluginLoader.java:104)
	at com.eviware.soapui.plugins.PluginLoader.loadPlugin(PluginLoader.java:54)
	at com.eviware.soapui.plugins.PluginManager.doInstallPlugin(PluginManager.java:141)
	at com.eviware.soapui.plugins.PluginManager.access$600(PluginManager.java:43)
	at com.eviware.soapui.plugins.PluginManager$LoadPluginsTask.computeSequentially(PluginManager.java:420)
	at com.eviware.soapui.plugins.PluginManager$LoadPluginsTask.compute(PluginManager.java:377)
	at com.eviware.soapui.plugins.PluginManager$LoadPluginsTask.compute(PluginManager.java:382)
	at com.eviware.soapui.plugins.PluginManager$LoadPluginsTask.compute(PluginManager.java:365)
	at java.util.concurrent.RecursiveTask.exec(RecursiveTask.java:94)
	at java.util.concurrent.ForkJoinTask.doExec(ForkJoinTask.java:289)
	at java.util.concurrent.ForkJoinPool$WorkQueue.runTask(ForkJoinPool.java:1056)
	at java.util.concurrent.ForkJoinPool.runWorker(ForkJoinPool.java:1692)
	at java.util.concurrent.ForkJoinWorkerThread.run(ForkJoinWorkerThread.java:157)
2020-07-26 23:01:00,538 ERROR [SoapUI] An error occurred [com.eviware.soapui.plugins.auto.factories.AutoImportMethodFactory], see error log for details
2020-07-26 23:01:00,542 ERROR [errorlog] java.lang.ClassNotFoundException: com.eviware.soapui.plugins.auto.factories.AutoImportMethodFactory
java.lang.ClassNotFoundException: com.eviware.soapui.plugins.auto.factories.AutoImportMethodFactory
	at org.codehaus.plexus.classworlds.strategy.SelfFirstStrategy.loadClass(SelfFirstStrategy.java:50)
	at org.codehaus.plexus.classworlds.realm.ClassRealm.unsynchronizedLoadClass(ClassRealm.java:271)
	at org.codehaus.plexus.classworlds.realm.ClassRealm.loadClass(ClassRealm.java:247)
	at org.codehaus.plexus.classworlds.realm.ClassRealm.loadClass(ClassRealm.java:239)
	at java.lang.Class.forName0(Native Method)
	at java.lang.Class.forName(Class.java:264)
	at com.eviware.soapui.plugins.LoaderBase.loadAutoFactories(LoaderBase.java:113)
	at com.eviware.soapui.plugins.LoaderBase.loadFactories(LoaderBase.java:80)
	at com.eviware.soapui.plugins.PluginLoader.loadPluginFactories(PluginLoader.java:141)
	at com.eviware.soapui.plugins.PluginLoader.loadPlugin(PluginLoader.java:104)
	at com.eviware.soapui.plugins.PluginLoader.loadPlugin(PluginLoader.java:54)
	at com.eviware.soapui.plugins.PluginManager.doInstallPlugin(PluginManager.java:141)
	at com.eviware.soapui.plugins.PluginManager.access$600(PluginManager.java:43)
	at com.eviware.soapui.plugins.PluginManager$LoadPluginsTask.computeSequentially(PluginManager.java:420)
	at com.eviware.soapui.plugins.PluginManager$LoadPluginsTask.compute(PluginManager.java:377)
	at com.eviware.soapui.plugins.PluginManager$LoadPluginsTask.compute(PluginManager.java:382)
	at com.eviware.soapui.plugins.PluginManager$LoadPluginsTask.compute(PluginManager.java:365)
	at java.util.concurrent.RecursiveTask.exec(RecursiveTask.java:94)
	at java.util.concurrent.ForkJoinTask.doExec(ForkJoinTask.java:289)
	at java.util.concurrent.ForkJoinPool$WorkQueue.runTask(ForkJoinPool.java:1056)
	at java.util.concurrent.ForkJoinPool.runWorker(ForkJoinPool.java:1692)
	at java.util.concurrent.ForkJoinWorkerThread.run(ForkJoinWorkerThread.java:157)
2020-07-26 23:01:00,716 INFO  [PluginManager] 5 plugins loaded in 4183 ms
2020-07-26 23:01:00,716 INFO  [DefaultSoapUICore] All plugins loaded
2020-07-26 23:01:02,443 INFO  [WsdlProject] Loaded project from [file:/C:/Users/GunasekharKeserla/Desktop/Manipal%20ProLearn/API%20Testing/API%20Project%20Assessment/WebServiceProject/customerCustomerRepositoryV1-soapui-project.xml]
2020-07-26 23:01:02,461 INFO  [SoapUITestCaseRunner] Running SoapUI tests in project [customerCustomerRepositoryV1]
2020-07-26 23:01:02,473 INFO  [SoapUITestCaseRunner] Running Project [customerCustomerRepositoryV1], runType = SEQUENTIAL
2020-07-26 23:01:02,633 INFO  [SoapUITestCaseRunner] Running SoapUI testcase [Traditional Customer Repository]
2020-07-26 23:01:02,670 INFO  [SoapUITestCaseRunner] running step [CustomerProperties]
2020-07-26 23:01:02,816 INFO  [SoapUITestCaseRunner] running step [CustomerPropertiesTransfer]
2020-07-26 23:01:03,285 INFO  [SoapUITestCaseRunner] running step [Customer-Save]
2020-07-26 23:01:05,069 INFO  [SoapUITestCaseRunner] Assertion [SOAP Response] has status VALID
2020-07-26 23:01:05,070 INFO  [SoapUITestCaseRunner] running step [Customer-GetList]
2020-07-26 23:01:09,663 INFO  [SoapUITestCaseRunner] Assertion [SOAP Response] has status VALID
2020-07-26 23:01:09,664 INFO  [SoapUITestCaseRunner] running step [CustomerIdTransfer]
2020-07-26 23:01:09,678 INFO  [SoapUITestCaseRunner] running step [Customer-GetById]
2020-07-26 23:01:10,312 INFO  [SoapUITestCaseRunner] Assertion [SOAP Response] has status VALID
2020-07-26 23:01:10,324 INFO  [SoapUITestCaseRunner] running step [CustomerIdTransfer1]
2020-07-26 23:01:10,339 INFO  [SoapUITestCaseRunner] running step [Customer-DeleteById]
2020-07-26 23:01:11,114 INFO  [SoapUITestCaseRunner] Assertion [SOAP Response] has status VALID
2020-07-26 23:01:11,124 INFO  [SoapUITestCaseRunner] Finished running SoapUI testcase [Traditional Customer Repository], time taken: 8367ms, status: FINISHED
2020-07-26 23:01:11,125 INFO  [SoapUITestCaseRunner] Running SoapUI testcase [Property Expansion Customer Repository]
2020-07-26 23:01:11,128 INFO  [SoapUITestCaseRunner] running step [CustomerProperties]
2020-07-26 23:01:11,136 INFO  [SoapUITestCaseRunner] running step [Customer-Save]
2020-07-26 23:01:12,078 INFO  [SchemaUtils] Added default schema from file:/C:/Users/GunasekharKeserla/.m2/repository/com/smartbear/soapui/soapui/5.5.0/soapui-5.5.0.jar!/com/eviware/soapui/resources/xsds/xop.xsd with targetNamespace http://www.w3.org/2004/08/xop/include
2020-07-26 23:01:12,106 INFO  [SchemaUtils] Added default schema from file:/C:/Users/GunasekharKeserla/.m2/repository/com/smartbear/soapui/soapui/5.5.0/soapui-5.5.0.jar!/com/eviware/soapui/resources/xsds/XMLSchema.xsd with targetNamespace http://www.w3.org/2001/XMLSchema
2020-07-26 23:01:12,111 INFO  [SchemaUtils] Added default schema from file:/C:/Users/GunasekharKeserla/.m2/repository/com/smartbear/soapui/soapui/5.5.0/soapui-5.5.0.jar!/com/eviware/soapui/resources/xsds/xml.xsd with targetNamespace http://www.w3.org/XML/1998/namespace
2020-07-26 23:01:12,114 INFO  [SchemaUtils] Added default schema from file:/C:/Users/GunasekharKeserla/.m2/repository/com/smartbear/soapui/soapui/5.5.0/soapui-5.5.0.jar!/com/eviware/soapui/resources/xsds/swaref.xsd with targetNamespace http://ws-i.org/profiles/basic/1.1/xsd
2020-07-26 23:01:12,125 INFO  [SchemaUtils] Added default schema from file:/C:/Users/GunasekharKeserla/.m2/repository/com/smartbear/soapui/soapui/5.5.0/soapui-5.5.0.jar!/com/eviware/soapui/resources/xsds/xmime200505.xsd with targetNamespace http://www.w3.org/2005/05/xmlmime
2020-07-26 23:01:12,146 INFO  [SchemaUtils] Added default schema from file:/C:/Users/GunasekharKeserla/.m2/repository/com/smartbear/soapui/soapui/5.5.0/soapui-5.5.0.jar!/com/eviware/soapui/resources/xsds/xmime200411.xsd with targetNamespace http://www.w3.org/2004/11/xmlmime
2020-07-26 23:01:12,153 INFO  [SchemaUtils] Added default schema from file:/C:/Users/GunasekharKeserla/.m2/repository/com/smartbear/soapui/soapui/5.5.0/soapui-5.5.0.jar!/com/eviware/soapui/resources/xsds/soapEnvelope.xsd with targetNamespace http://schemas.xmlsoap.org/soap/envelope/
2020-07-26 23:01:12,163 INFO  [SchemaUtils] Added default schema from file:/C:/Users/GunasekharKeserla/.m2/repository/com/smartbear/soapui/soapui/5.5.0/soapui-5.5.0.jar!/com/eviware/soapui/resources/xsds/soapEncoding.xsd with targetNamespace http://schemas.xmlsoap.org/soap/encoding/
2020-07-26 23:01:12,174 INFO  [SchemaUtils] Added default schema from file:/C:/Users/GunasekharKeserla/.m2/repository/com/smartbear/soapui/soapui/5.5.0/soapui-5.5.0.jar!/com/eviware/soapui/resources/xsds/soapEnvelope12.xsd with targetNamespace http://www.w3.org/2003/05/soap-envelope
2020-07-26 23:01:12,187 INFO  [SchemaUtils] Added default schema from file:/C:/Users/GunasekharKeserla/.m2/repository/com/smartbear/soapui/soapui/5.5.0/soapui-5.5.0.jar!/com/eviware/soapui/resources/xsds/soapEncoding12.xsd with targetNamespace http://www.w3.org/2003/05/soap-encoding
2020-07-26 23:01:12,192 INFO  [SchemaUtils] Loading schema types from [file:\C:\Users\GunasekharKeserla\Desktop\Manipal%20ProLearn\API%20Testing\API%20Project%20Assessment\SOAP%20API%20WSDL%20EndPoints\SOAP%20API%20WSDL%20EndPoints\customerCustomerRepositoryV1.xml]
2020-07-26 23:01:12,193 INFO  [SchemaUtils] Getting schema file:\C:\Users\GunasekharKeserla\Desktop\Manipal%20ProLearn\API%20Testing\API%20Project%20Assessment\SOAP%20API%20WSDL%20EndPoints\SOAP%20API%20WSDL%20EndPoints\customerCustomerRepositoryV1.xml
2020-07-26 23:01:12,440 INFO  [SoapUITestCaseRunner] Assertion [SOAP Response] has status VALID
2020-07-26 23:01:12,440 INFO  [SoapUITestCaseRunner] Assertion [Schema Compliance] has status VALID
2020-07-26 23:01:12,443 INFO  [SoapUITestCaseRunner] running step [Customer-GetList]
2020-07-26 23:01:16,293 INFO  [SoapUITestCaseRunner] Assertion [SOAP Response] has status VALID
2020-07-26 23:01:16,294 INFO  [SoapUITestCaseRunner] Assertion [Schema Compliance] has status VALID
2020-07-26 23:01:16,297 INFO  [SoapUITestCaseRunner] running step [ToGetCustomerId]
2020-07-26 23:01:16,683 INFO  [SoapUITestCaseRunner] running step [Customer-GetById]
2020-07-26 23:01:17,339 INFO  [SoapUITestCaseRunner] Assertion [SOAP Response] has status VALID
2020-07-26 23:01:17,343 INFO  [SoapUITestCaseRunner] Assertion [Schema Compliance] has status VALID
2020-07-26 23:01:17,345 INFO  [SoapUITestCaseRunner] running step [Customer-DeleteById]
2020-07-26 23:01:18,076 INFO  [SoapUITestCaseRunner] Assertion [SOAP Response] has status VALID
2020-07-26 23:01:18,076 INFO  [SoapUITestCaseRunner] Assertion [Schema Compliance] has status VALID
2020-07-26 23:01:18,080 INFO  [SoapUITestCaseRunner] Finished running SoapUI testcase [Property Expansion Customer Repository], time taken: 6903ms, status: FINISHED
2020-07-26 23:01:18,090 INFO  [SoapUITestCaseRunner] Running SoapUI testcase [Script Customer Repository]
2020-07-26 23:01:18,092 INFO  [SoapUITestCaseRunner] running step [CustomerProperties]
2020-07-26 23:01:18,100 INFO  [SoapUITestCaseRunner] running step [Customer-Save]
2020-07-26 23:01:18,875 INFO  [log] <env:Envelope xmlns:env="http://www.w3.org/2003/05/soap-envelope" xmlns:ns1="http://soap.upskills.in/soap/default?services=customerCustomerRepositoryV1">
   <env:Body>
      <ns1:customerCustomerRepositoryV1SaveResponse>
         <result>
            <id>4605</id>
            <groupId>1</groupId>
            <defaultBilling>3627</defaultBilling>
            <defaultShipping>3627</defaultShipping>
            <createdAt>2020-07-26 17:31:17</createdAt>
            <updatedAt>2020-07-26 17:31:17</updatedAt>
            <createdIn>Default Store View</createdIn>
            <dob>1994-05-19</dob>
            <email>gunasekhar01@gmail.com</email>
            <firstname>Krishna</firstname>
            <lastname>Mohan</lastname>
            <storeId>1</storeId>
            <websiteId>1</websiteId>
            <addresses>
               <item>
                  <id>3627</id>
                  <customerId>4605</customerId>
                  <region>
                     <regionCode>Karnataka</regionCode>
                     <region>Karnataka</region>
                     <regionId>0</regionId>
                  </region>
                  <regionId>0</regionId>
                  <countryId>IN</countryId>
                  <street>
                     <item>#55, 1 st Main Road</item>
                  </street>
                  <telephone>+91 9876543210</telephone>
                  <postcode>560023</postcode>
                  <city>Bengaluru</city>
                  <firstname>Krishna</firstname>
                  <lastname>Mohan</lastname>
                  <defaultShipping>true</defaultShipping>
                  <defaultBilling>true</defaultBilling>
               </item>
            </addresses>
            <disableAutoGroupChange>0</disableAutoGroupChange>
            <extensionAttributes>
               <isSubscribed>false</isSubscribed>
            </extensionAttributes>
         </result>
      </ns1:customerCustomerRepositoryV1SaveResponse>
   </env:Body>
</env:Envelope>
2020-07-26 23:01:18,999 INFO  [log] 4605
2020-07-26 23:01:19,000 INFO  [SoapUITestCaseRunner] Assertion [SOAP Response] has status VALID
2020-07-26 23:01:19,003 INFO  [SoapUITestCaseRunner] Assertion [Script Assertion] has status VALID
2020-07-26 23:01:19,005 INFO  [SoapUITestCaseRunner] running step [Customer-GetList]
2020-07-26 23:01:25,152 INFO  [SoapUITestCaseRunner] Assertion [SOAP Response] has status VALID
2020-07-26 23:01:25,152 INFO  [SoapUITestCaseRunner] running step [Customer-GetById]
2020-07-26 23:01:25,808 INFO  [SoapUITestCaseRunner] Assertion [SOAP Response] has status VALID
2020-07-26 23:01:25,811 INFO  [SoapUITestCaseRunner] running step [Customer-DeleteById]
2020-07-26 23:01:26,607 INFO  [SoapUITestCaseRunner] Assertion [SOAP Response] has status VALID
2020-07-26 23:01:26,612 INFO  [SoapUITestCaseRunner] Finished running SoapUI testcase [Script Customer Repository], time taken: 8482ms, status: FINISHED
2020-07-26 23:01:26,622 INFO  [SoapUITestCaseRunner] Running SoapUI testcase [Data Driven Customer Repository]
2020-07-26 23:01:26,623 INFO  [SoapUITestCaseRunner] running step [DataDrivenCustomerTests]
2020-07-26 23:01:27,249 INFO  [log] The Total number of rows are 6
2020-07-26 23:01:27,253 INFO  [log] The Total number of columns are 1
2020-07-26 23:01:27,274 INFO  [log] gunasekhar02@gmail.com
2020-07-26 23:01:27,335 INFO  [log] email is gunasekhar02@gmail.com
2020-07-26 23:01:27,340 INFO  [SoapUITestCaseRunner] Running SoapUI testcase [Property Expansion Customer Repository]
2020-07-26 23:01:27,342 INFO  [SoapUITestCaseRunner] running step [CustomerProperties]
2020-07-26 23:01:27,347 INFO  [SoapUITestCaseRunner] running step [Customer-Save]
2020-07-26 23:01:28,004 WARN  [WsdlValidator] Missing matching Fault in wsdl for bindingOperation [customerCustomerRepositoryV1Save]
2020-07-26 23:01:28,005 INFO  [SoapUITestCaseRunner] Assertion [SOAP Response] has status VALID
2020-07-26 23:01:28,008 INFO  [SoapUITestCaseRunner] Assertion [Schema Compliance] has status VALID
2020-07-26 23:01:28,009 INFO  [SoapUITestCaseRunner] running step [Customer-GetList]
2020-07-26 23:01:33,511 INFO  [SoapUITestCaseRunner] Assertion [SOAP Response] has status VALID
2020-07-26 23:01:33,511 INFO  [SoapUITestCaseRunner] Assertion [Schema Compliance] has status VALID
2020-07-26 23:01:33,515 INFO  [SoapUITestCaseRunner] running step [ToGetCustomerId]
2020-07-26 23:01:33,526 INFO  [SoapUITestCaseRunner] running step [Customer-GetById]
2020-07-26 23:01:34,172 WARN  [WsdlValidator] Missing matching Fault in wsdl for bindingOperation [customerCustomerRepositoryV1GetById]
2020-07-26 23:01:34,174 INFO  [SoapUITestCaseRunner] Assertion [SOAP Response] has status VALID
2020-07-26 23:01:34,186 INFO  [SoapUITestCaseRunner] Assertion [Schema Compliance] has status VALID
2020-07-26 23:01:34,189 INFO  [SoapUITestCaseRunner] running step [Customer-DeleteById]
2020-07-26 23:01:34,784 WARN  [WsdlValidator] Missing matching Fault in wsdl for bindingOperation [customerCustomerRepositoryV1DeleteById]
2020-07-26 23:01:34,787 INFO  [SoapUITestCaseRunner] Assertion [SOAP Response] has status VALID
2020-07-26 23:01:34,787 INFO  [SoapUITestCaseRunner] Assertion [Schema Compliance] has status VALID
2020-07-26 23:01:34,789 INFO  [SoapUITestCaseRunner] Finished running SoapUI testcase [Property Expansion Customer Repository], time taken: 7384ms, status: FINISHED
2020-07-26 23:01:34,812 INFO  [log] Number of test Step got executed 6
2020-07-26 23:01:34,813 INFO  [log] pranav@gmail.com
2020-07-26 23:01:34,819 INFO  [log] email is pranav@gmail.com
2020-07-26 23:01:34,826 INFO  [SoapUITestCaseRunner] Running SoapUI testcase [Property Expansion Customer Repository]
2020-07-26 23:01:34,831 INFO  [SoapUITestCaseRunner] running step [CustomerProperties]
2020-07-26 23:01:34,838 INFO  [SoapUITestCaseRunner] running step [Customer-Save]
2020-07-26 23:01:35,500 WARN  [WsdlValidator] Missing matching Fault in wsdl for bindingOperation [customerCustomerRepositoryV1Save]
2020-07-26 23:01:35,501 INFO  [SoapUITestCaseRunner] Assertion [SOAP Response] has status VALID
2020-07-26 23:01:35,504 INFO  [SoapUITestCaseRunner] Assertion [Schema Compliance] has status VALID
2020-07-26 23:01:35,505 INFO  [SoapUITestCaseRunner] running step [Customer-GetList]
2020-07-26 23:01:39,844 INFO  [SoapUITestCaseRunner] Assertion [SOAP Response] has status VALID
2020-07-26 23:01:39,844 INFO  [SoapUITestCaseRunner] Assertion [Schema Compliance] has status VALID
2020-07-26 23:01:39,848 INFO  [SoapUITestCaseRunner] running step [ToGetCustomerId]
2020-07-26 23:01:39,850 INFO  [SoapUITestCaseRunner] running step [Customer-GetById]
2020-07-26 23:01:40,463 WARN  [WsdlValidator] Missing matching Fault in wsdl for bindingOperation [customerCustomerRepositoryV1GetById]
2020-07-26 23:01:40,465 INFO  [SoapUITestCaseRunner] Assertion [SOAP Response] has status VALID
2020-07-26 23:01:40,470 INFO  [SoapUITestCaseRunner] Assertion [Schema Compliance] has status VALID
2020-07-26 23:01:40,471 INFO  [SoapUITestCaseRunner] running step [Customer-DeleteById]
2020-07-26 23:01:41,163 WARN  [WsdlValidator] Missing matching Fault in wsdl for bindingOperation [customerCustomerRepositoryV1DeleteById]
2020-07-26 23:01:41,166 INFO  [SoapUITestCaseRunner] Assertion [SOAP Response] has status VALID
2020-07-26 23:01:41,167 INFO  [SoapUITestCaseRunner] Assertion [Schema Compliance] has status VALID
2020-07-26 23:01:41,172 INFO  [SoapUITestCaseRunner] Finished running SoapUI testcase [Property Expansion Customer Repository], time taken: 6286ms, status: FINISHED
2020-07-26 23:01:41,174 INFO  [log] Number of test Step got executed 6
2020-07-26 23:01:41,182 INFO  [log] shrivas@gmail.com
2020-07-26 23:01:41,185 INFO  [log] email is shrivas@gmail.com
2020-07-26 23:01:41,193 INFO  [SoapUITestCaseRunner] Running SoapUI testcase [Property Expansion Customer Repository]
2020-07-26 23:01:41,196 INFO  [SoapUITestCaseRunner] running step [CustomerProperties]
2020-07-26 23:01:41,197 INFO  [SoapUITestCaseRunner] running step [Customer-Save]
2020-07-26 23:01:41,954 INFO  [SoapUITestCaseRunner] Assertion [SOAP Response] has status VALID
2020-07-26 23:01:41,955 INFO  [SoapUITestCaseRunner] Assertion [Schema Compliance] has status VALID
2020-07-26 23:01:41,956 INFO  [SoapUITestCaseRunner] running step [Customer-GetList]
2020-07-26 23:01:46,068 INFO  [SoapUITestCaseRunner] Assertion [SOAP Response] has status VALID
2020-07-26 23:01:46,069 INFO  [SoapUITestCaseRunner] Assertion [Schema Compliance] has status VALID
2020-07-26 23:01:46,071 INFO  [SoapUITestCaseRunner] running step [ToGetCustomerId]
2020-07-26 23:01:46,075 INFO  [SoapUITestCaseRunner] running step [Customer-GetById]
2020-07-26 23:01:46,747 INFO  [SoapUITestCaseRunner] Assertion [SOAP Response] has status VALID
2020-07-26 23:01:46,747 INFO  [SoapUITestCaseRunner] Assertion [Schema Compliance] has status VALID
2020-07-26 23:01:46,750 INFO  [SoapUITestCaseRunner] running step [Customer-DeleteById]
2020-07-26 23:01:47,563 INFO  [SoapUITestCaseRunner] Assertion [SOAP Response] has status VALID
2020-07-26 23:01:47,564 INFO  [SoapUITestCaseRunner] Assertion [Schema Compliance] has status VALID
2020-07-26 23:01:47,566 INFO  [SoapUITestCaseRunner] Finished running SoapUI testcase [Property Expansion Customer Repository], time taken: 6332ms, status: FINISHED
2020-07-26 23:01:47,569 INFO  [log] Number of test Step got executed 6
2020-07-26 23:01:47,570 INFO  [log] gsk@gmail.com
2020-07-26 23:01:47,580 INFO  [log] email is gsk@gmail.com
2020-07-26 23:01:47,583 INFO  [SoapUITestCaseRunner] Running SoapUI testcase [Property Expansion Customer Repository]
2020-07-26 23:01:47,590 INFO  [SoapUITestCaseRunner] running step [CustomerProperties]
2020-07-26 23:01:47,592 INFO  [SoapUITestCaseRunner] running step [Customer-Save]
2020-07-26 23:01:48,367 INFO  [SoapUITestCaseRunner] Assertion [SOAP Response] has status VALID
2020-07-26 23:01:48,368 INFO  [SoapUITestCaseRunner] Assertion [Schema Compliance] has status VALID
2020-07-26 23:01:48,368 INFO  [SoapUITestCaseRunner] running step [Customer-GetList]
2020-07-26 23:01:52,283 INFO  [SoapUITestCaseRunner] Assertion [SOAP Response] has status VALID
2020-07-26 23:01:52,284 INFO  [SoapUITestCaseRunner] Assertion [Schema Compliance] has status VALID
2020-07-26 23:01:52,286 INFO  [SoapUITestCaseRunner] running step [ToGetCustomerId]
2020-07-26 23:01:52,288 INFO  [SoapUITestCaseRunner] running step [Customer-GetById]
2020-07-26 23:01:52,990 INFO  [SoapUITestCaseRunner] Assertion [SOAP Response] has status VALID
2020-07-26 23:01:52,992 INFO  [SoapUITestCaseRunner] Assertion [Schema Compliance] has status VALID
2020-07-26 23:01:52,999 INFO  [SoapUITestCaseRunner] running step [Customer-DeleteById]
2020-07-26 23:01:53,740 INFO  [SoapUITestCaseRunner] Assertion [SOAP Response] has status VALID
2020-07-26 23:01:53,744 INFO  [SoapUITestCaseRunner] Assertion [Schema Compliance] has status VALID
2020-07-26 23:01:53,749 INFO  [SoapUITestCaseRunner] Finished running SoapUI testcase [Property Expansion Customer Repository], time taken: 6118ms, status: FINISHED
2020-07-26 23:01:53,752 INFO  [log] Number of test Step got executed 6
2020-07-26 23:01:53,753 INFO  [log] chandrasekhar@gmail.com
2020-07-26 23:01:53,763 INFO  [log] email is chandrasekhar@gmail.com
2020-07-26 23:01:53,765 INFO  [SoapUITestCaseRunner] Running SoapUI testcase [Property Expansion Customer Repository]
2020-07-26 23:01:53,772 INFO  [SoapUITestCaseRunner] running step [CustomerProperties]
2020-07-26 23:01:53,774 INFO  [SoapUITestCaseRunner] running step [Customer-Save]
2020-07-26 23:01:54,563 INFO  [SoapUITestCaseRunner] Assertion [SOAP Response] has status VALID
2020-07-26 23:01:54,563 INFO  [SoapUITestCaseRunner] Assertion [Schema Compliance] has status VALID
2020-07-26 23:01:54,564 INFO  [SoapUITestCaseRunner] running step [Customer-GetList]
2020-07-26 23:01:58,489 INFO  [SoapUITestCaseRunner] Assertion [SOAP Response] has status VALID
2020-07-26 23:01:58,490 INFO  [SoapUITestCaseRunner] Assertion [Schema Compliance] has status VALID
2020-07-26 23:01:58,492 INFO  [SoapUITestCaseRunner] running step [ToGetCustomerId]
2020-07-26 23:01:58,502 INFO  [SoapUITestCaseRunner] running step [Customer-GetById]
2020-07-26 23:01:59,155 INFO  [SoapUITestCaseRunner] Assertion [SOAP Response] has status VALID
2020-07-26 23:01:59,159 INFO  [SoapUITestCaseRunner] Assertion [Schema Compliance] has status VALID
2020-07-26 23:01:59,164 INFO  [SoapUITestCaseRunner] running step [Customer-DeleteById]
2020-07-26 23:02:00,233 INFO  [SoapUITestCaseRunner] Assertion [SOAP Response] has status VALID
2020-07-26 23:02:00,237 INFO  [SoapUITestCaseRunner] Assertion [Schema Compliance] has status VALID
2020-07-26 23:02:00,246 INFO  [SoapUITestCaseRunner] Finished running SoapUI testcase [Property Expansion Customer Repository], time taken: 6424ms, status: FINISHED
2020-07-26 23:02:00,249 INFO  [log] Number of test Step got executed 6
2020-07-26 23:02:00,250 INFO  [log] rajasekhar@gmail.com
2020-07-26 23:02:00,260 INFO  [log] email is rajasekhar@gmail.com
2020-07-26 23:02:00,262 INFO  [SoapUITestCaseRunner] Running SoapUI testcase [Property Expansion Customer Repository]
2020-07-26 23:02:00,269 INFO  [SoapUITestCaseRunner] running step [CustomerProperties]
2020-07-26 23:02:00,270 INFO  [SoapUITestCaseRunner] running step [Customer-Save]
2020-07-26 23:02:01,194 INFO  [SoapUITestCaseRunner] Assertion [SOAP Response] has status VALID
2020-07-26 23:02:01,194 INFO  [SoapUITestCaseRunner] Assertion [Schema Compliance] has status VALID
2020-07-26 23:02:01,195 INFO  [SoapUITestCaseRunner] running step [Customer-GetList]
2020-07-26 23:02:05,186 INFO  [SoapUITestCaseRunner] Assertion [SOAP Response] has status VALID
2020-07-26 23:02:05,186 INFO  [SoapUITestCaseRunner] Assertion [Schema Compliance] has status VALID
2020-07-26 23:02:05,194 INFO  [SoapUITestCaseRunner] running step [ToGetCustomerId]
2020-07-26 23:02:05,196 INFO  [SoapUITestCaseRunner] running step [Customer-GetById]
2020-07-26 23:02:05,880 INFO  [SoapUITestCaseRunner] Assertion [SOAP Response] has status VALID
2020-07-26 23:02:05,880 INFO  [SoapUITestCaseRunner] Assertion [Schema Compliance] has status VALID
2020-07-26 23:02:05,882 INFO  [SoapUITestCaseRunner] running step [Customer-DeleteById]
2020-07-26 23:02:06,710 INFO  [SoapUITestCaseRunner] Assertion [SOAP Response] has status VALID
2020-07-26 23:02:06,712 INFO  [SoapUITestCaseRunner] Assertion [Schema Compliance] has status VALID
2020-07-26 23:02:06,714 INFO  [SoapUITestCaseRunner] Finished running SoapUI testcase [Property Expansion Customer Repository], time taken: 6413ms, status: FINISHED
2020-07-26 23:02:06,721 INFO  [log] Number of test Step got executed 6
2020-07-26 23:02:06,725 INFO  [SoapUITestCaseRunner] Finished running SoapUI testcase [Data Driven Customer Repository], time taken: 40100ms, status: FINISHED
2020-07-26 23:02:06,733 INFO  [SoapUITestCaseRunner] Running SoapUI testcase [DataBase Customer Repository]
2020-07-26 23:02:06,734 INFO  [SoapUITestCaseRunner] running step [CustomerProperties]
2020-07-26 23:02:06,736 INFO  [SoapUITestCaseRunner] running step [JDBC Request]
2020-07-26 23:02:06,985 INFO  [SoapUITestCaseRunner] running step [Database CustomerTests]
2020-07-26 23:02:07,020 INFO  [log] <Results>
    <ResultSet fetchSize="0">
        <Row rowNumber="1">
            <CUSTOMER.EMAIL>devarajulu@gmail.com</CUSTOMER.EMAIL>
        </Row>
        <Row rowNumber="2">
            <CUSTOMER.EMAIL>suresh@gmail.com</CUSTOMER.EMAIL>
        </Row>
        <Row rowNumber="3">
            <CUSTOMER.EMAIL>ganesh@gmail.com</CUSTOMER.EMAIL>
        </Row>
        <Row rowNumber="4">
            <CUSTOMER.EMAIL>vaishnavi@gmail.com</CUSTOMER.EMAIL>
        </Row>
        <Row rowNumber="5">
            <CUSTOMER.EMAIL>chinni@gmail.com</CUSTOMER.EMAIL>
        </Row>
    </ResultSet>
</Results>

2020-07-26 23:02:07,106 INFO  [log] devarajulu@gmail.com
2020-07-26 23:02:07,107 INFO  [SoapUITestCaseRunner] Running SoapUI testcase [Property Expansion Customer Repository]
2020-07-26 23:02:07,110 INFO  [SoapUITestCaseRunner] running step [CustomerProperties]
2020-07-26 23:02:07,116 INFO  [SoapUITestCaseRunner] running step [Customer-Save]
2020-07-26 23:02:07,801 WARN  [WsdlValidator] Missing matching Fault in wsdl for bindingOperation [customerCustomerRepositoryV1Save]
2020-07-26 23:02:07,802 INFO  [SoapUITestCaseRunner] Assertion [SOAP Response] has status VALID
2020-07-26 23:02:07,803 INFO  [SoapUITestCaseRunner] Assertion [Schema Compliance] has status VALID
2020-07-26 23:02:07,813 INFO  [SoapUITestCaseRunner] running step [Customer-GetList]
2020-07-26 23:02:11,531 INFO  [SoapUITestCaseRunner] Assertion [SOAP Response] has status VALID
2020-07-26 23:02:11,532 INFO  [SoapUITestCaseRunner] Assertion [Schema Compliance] has status VALID
2020-07-26 23:02:11,533 INFO  [SoapUITestCaseRunner] running step [ToGetCustomerId]
2020-07-26 23:02:11,542 INFO  [SoapUITestCaseRunner] running step [Customer-GetById]
2020-07-26 23:02:12,138 WARN  [WsdlValidator] Missing matching Fault in wsdl for bindingOperation [customerCustomerRepositoryV1GetById]
2020-07-26 23:02:12,140 INFO  [SoapUITestCaseRunner] Assertion [SOAP Response] has status VALID
2020-07-26 23:02:12,141 INFO  [SoapUITestCaseRunner] Assertion [Schema Compliance] has status VALID
2020-07-26 23:02:12,148 INFO  [SoapUITestCaseRunner] running step [Customer-DeleteById]
2020-07-26 23:02:12,708 WARN  [WsdlValidator] Missing matching Fault in wsdl for bindingOperation [customerCustomerRepositoryV1DeleteById]
2020-07-26 23:02:12,709 INFO  [SoapUITestCaseRunner] Assertion [SOAP Response] has status VALID
2020-07-26 23:02:12,710 INFO  [SoapUITestCaseRunner] Assertion [Schema Compliance] has status VALID
2020-07-26 23:02:12,717 INFO  [SoapUITestCaseRunner] Finished running SoapUI testcase [Property Expansion Customer Repository], time taken: 5550ms, status: FINISHED
2020-07-26 23:02:12,722 INFO  [log] Number of test Step got executed 6
2020-07-26 23:02:12,726 INFO  [log] suresh@gmail.com
2020-07-26 23:02:12,730 INFO  [SoapUITestCaseRunner] Running SoapUI testcase [Property Expansion Customer Repository]
2020-07-26 23:02:12,731 INFO  [SoapUITestCaseRunner] running step [CustomerProperties]
2020-07-26 23:02:12,733 INFO  [SoapUITestCaseRunner] running step [Customer-Save]
2020-07-26 23:02:13,508 INFO  [SoapUITestCaseRunner] Assertion [SOAP Response] has status VALID
2020-07-26 23:02:13,509 INFO  [SoapUITestCaseRunner] Assertion [Schema Compliance] has status VALID
2020-07-26 23:02:13,511 INFO  [SoapUITestCaseRunner] running step [Customer-GetList]
2020-07-26 23:02:17,065 INFO  [SoapUITestCaseRunner] Assertion [SOAP Response] has status VALID
2020-07-26 23:02:17,065 INFO  [SoapUITestCaseRunner] Assertion [Schema Compliance] has status VALID
2020-07-26 23:02:17,075 INFO  [SoapUITestCaseRunner] running step [ToGetCustomerId]
2020-07-26 23:02:17,076 INFO  [SoapUITestCaseRunner] running step [Customer-GetById]
2020-07-26 23:02:17,745 INFO  [SoapUITestCaseRunner] Assertion [SOAP Response] has status VALID
2020-07-26 23:02:17,745 INFO  [SoapUITestCaseRunner] Assertion [Schema Compliance] has status VALID
2020-07-26 23:02:17,747 INFO  [SoapUITestCaseRunner] running step [Customer-DeleteById]
2020-07-26 23:02:18,464 INFO  [SoapUITestCaseRunner] Assertion [SOAP Response] has status VALID
2020-07-26 23:02:18,465 INFO  [SoapUITestCaseRunner] Assertion [Schema Compliance] has status VALID
2020-07-26 23:02:18,472 INFO  [SoapUITestCaseRunner] Finished running SoapUI testcase [Property Expansion Customer Repository], time taken: 5704ms, status: FINISHED
2020-07-26 23:02:18,475 INFO  [log] Number of test Step got executed 6
2020-07-26 23:02:18,483 INFO  [log] ganesh@gmail.com
2020-07-26 23:02:18,486 INFO  [SoapUITestCaseRunner] Running SoapUI testcase [Property Expansion Customer Repository]
2020-07-26 23:02:18,493 INFO  [SoapUITestCaseRunner] running step [CustomerProperties]
2020-07-26 23:02:18,493 INFO  [SoapUITestCaseRunner] running step [Customer-Save]
2020-07-26 23:02:19,289 INFO  [SoapUITestCaseRunner] Assertion [SOAP Response] has status VALID
2020-07-26 23:02:19,289 INFO  [SoapUITestCaseRunner] Assertion [Schema Compliance] has status VALID
2020-07-26 23:02:19,291 INFO  [SoapUITestCaseRunner] running step [Customer-GetList]
2020-07-26 23:02:22,891 INFO  [SoapUITestCaseRunner] Assertion [SOAP Response] has status VALID
2020-07-26 23:02:22,891 INFO  [SoapUITestCaseRunner] Assertion [Schema Compliance] has status VALID
2020-07-26 23:02:22,893 INFO  [SoapUITestCaseRunner] running step [ToGetCustomerId]
2020-07-26 23:02:22,895 INFO  [SoapUITestCaseRunner] running step [Customer-GetById]
2020-07-26 23:02:23,575 INFO  [SoapUITestCaseRunner] Assertion [SOAP Response] has status VALID
2020-07-26 23:02:23,577 INFO  [SoapUITestCaseRunner] Assertion [Schema Compliance] has status VALID
2020-07-26 23:02:23,578 INFO  [SoapUITestCaseRunner] running step [Customer-DeleteById]
2020-07-26 23:02:24,311 INFO  [SoapUITestCaseRunner] Assertion [SOAP Response] has status VALID
2020-07-26 23:02:24,314 INFO  [SoapUITestCaseRunner] Assertion [Schema Compliance] has status VALID
2020-07-26 23:02:24,317 INFO  [SoapUITestCaseRunner] Finished running SoapUI testcase [Property Expansion Customer Repository], time taken: 5783ms, status: FINISHED
2020-07-26 23:02:24,326 INFO  [log] Number of test Step got executed 6
2020-07-26 23:02:24,328 INFO  [log] vaishnavi@gmail.com
2020-07-26 23:02:24,335 INFO  [SoapUITestCaseRunner] Running SoapUI testcase [Property Expansion Customer Repository]
2020-07-26 23:02:24,339 INFO  [SoapUITestCaseRunner] running step [CustomerProperties]
2020-07-26 23:02:24,339 INFO  [SoapUITestCaseRunner] running step [Customer-Save]
2020-07-26 23:02:25,105 INFO  [SoapUITestCaseRunner] Assertion [SOAP Response] has status VALID
2020-07-26 23:02:25,106 INFO  [SoapUITestCaseRunner] Assertion [Schema Compliance] has status VALID
2020-07-26 23:02:25,108 INFO  [SoapUITestCaseRunner] running step [Customer-GetList]
2020-07-26 23:02:28,720 INFO  [SoapUITestCaseRunner] Assertion [SOAP Response] has status VALID
2020-07-26 23:02:28,721 INFO  [SoapUITestCaseRunner] Assertion [Schema Compliance] has status VALID
2020-07-26 23:02:28,723 INFO  [SoapUITestCaseRunner] running step [ToGetCustomerId]
2020-07-26 23:02:28,732 INFO  [SoapUITestCaseRunner] running step [Customer-GetById]
2020-07-26 23:02:29,374 INFO  [SoapUITestCaseRunner] Assertion [SOAP Response] has status VALID
2020-07-26 23:02:29,374 INFO  [SoapUITestCaseRunner] Assertion [Schema Compliance] has status VALID
2020-07-26 23:02:29,375 INFO  [SoapUITestCaseRunner] running step [Customer-DeleteById]
2020-07-26 23:02:30,079 INFO  [SoapUITestCaseRunner] Assertion [SOAP Response] has status VALID
2020-07-26 23:02:30,085 INFO  [SoapUITestCaseRunner] Assertion [Schema Compliance] has status VALID
2020-07-26 23:02:30,091 INFO  [SoapUITestCaseRunner] Finished running SoapUI testcase [Property Expansion Customer Repository], time taken: 5703ms, status: FINISHED
2020-07-26 23:02:30,094 INFO  [log] Number of test Step got executed 6
2020-07-26 23:02:30,096 INFO  [log] chinni@gmail.com
2020-07-26 23:02:30,103 INFO  [SoapUITestCaseRunner] Running SoapUI testcase [Property Expansion Customer Repository]
2020-07-26 23:02:30,106 INFO  [SoapUITestCaseRunner] running step [CustomerProperties]
2020-07-26 23:02:30,113 INFO  [SoapUITestCaseRunner] running step [Customer-Save]
2020-07-26 23:02:30,908 INFO  [SoapUITestCaseRunner] Assertion [SOAP Response] has status VALID
2020-07-26 23:02:30,909 INFO  [SoapUITestCaseRunner] Assertion [Schema Compliance] has status VALID
2020-07-26 23:02:30,910 INFO  [SoapUITestCaseRunner] running step [Customer-GetList]
2020-07-26 23:02:34,442 INFO  [SoapUITestCaseRunner] Assertion [SOAP Response] has status VALID
2020-07-26 23:02:34,443 INFO  [SoapUITestCaseRunner] Assertion [Schema Compliance] has status VALID
2020-07-26 23:02:34,445 INFO  [SoapUITestCaseRunner] running step [ToGetCustomerId]
2020-07-26 23:02:34,454 INFO  [SoapUITestCaseRunner] running step [Customer-GetById]
2020-07-26 23:02:35,126 INFO  [SoapUITestCaseRunner] Assertion [SOAP Response] has status VALID
2020-07-26 23:02:35,126 INFO  [SoapUITestCaseRunner] Assertion [Schema Compliance] has status VALID
2020-07-26 23:02:35,127 INFO  [SoapUITestCaseRunner] running step [Customer-DeleteById]
2020-07-26 23:02:35,812 INFO  [SoapUITestCaseRunner] Assertion [SOAP Response] has status VALID
2020-07-26 23:02:35,816 INFO  [SoapUITestCaseRunner] Assertion [Schema Compliance] has status VALID
2020-07-26 23:02:35,822 INFO  [SoapUITestCaseRunner] Finished running SoapUI testcase [Property Expansion Customer Repository], time taken: 5673ms, status: FINISHED
2020-07-26 23:02:35,825 INFO  [log] Number of test Step got executed 6
2020-07-26 23:02:35,836 INFO  [SoapUITestCaseRunner] Finished running SoapUI testcase [DataBase Customer Repository], time taken: 29086ms, status: FINISHED
2020-07-26 23:02:35,838 INFO  [SoapUITestCaseRunner] Project [customerCustomerRepositoryV1] finished with status [FINISHED] in 93331ms
2020-07-26 23:02:40,021 WARN  [Tools] Could not delete temporary directory C:\Users\GUNASE~1\AppData\Local\Temp\a58ff3f6-f85b-4a61-a20b-267a9ccf28b4
2020-07-26 23:02:40,024 WARN  [Tools] Could not delete temporary directory C:\Users\GUNASE~1\AppData\Local\Temp\a9cc0020-859a-4d24-931d-fe3dc8dc90f1
